Determining if the pthread_create exist failed with the following output:
Change Dir: /home/iki/catkin_ws/src/thesis/code/pcl_qt/build/CMakeFiles/CMakeTmp

Run Build Command:"/usr/bin/make" "cmTC_df945/fast"
/usr/bin/make -f CMakeFiles/cmTC_df945.dir/build.make CMakeFiles/cmTC_df945.dir/build
make[1]: Entering directory '/home/iki/catkin_ws/src/thesis/code/pcl_qt/build/CMakeFiles/CMakeTmp'
Building C object CMakeFiles/cmTC_df945.dir/CheckSymbolExists.c.o
/usr/bin/cc     -o CMakeFiles/cmTC_df945.dir/CheckSymbolExists.c.o   -c /home/iki/catkin_ws/src/thesis/code/pcl_qt/build/CMakeFiles/CMakeTmp/CheckSymbolExists.c
Linking C executable cmTC_df945
/usr/bin/cmake -E cmake_link_script CMakeFiles/cmTC_df945.dir/link.txt --verbose=1
/usr/bin/cc       CMakeFiles/cmTC_df945.dir/CheckSymbolExists.c.o  -o cmTC_df945 -rdynamic 
CMakeFiles/cmTC_df945.dir/CheckSymbolExists.c.o: In function `main':
CheckSymbolExists.c:(.text+0x16): undefined reference to `pthread_create'
collect2: error: ld returned 1 exit status
CMakeFiles/cmTC_df945.dir/build.make:97: recipe for target 'cmTC_df945' failed
make[1]: *** [cmTC_df945] Error 1
make[1]: Leaving directory '/home/iki/catkin_ws/src/thesis/code/pcl_qt/build/CMakeFiles/CMakeTmp'
Makefile:126: recipe for target 'cmTC_df945/fast' failed
make: *** [cmTC_df945/fast] Error 2

File /home/iki/catkin_ws/src/thesis/code/pcl_qt/build/CMakeFiles/CMakeTmp/CheckSymbolExists.c:
/* */
#include <pthread.h>

int main(int argc, char** argv)
{
  (void)argv;
#ifndef pthread_create
  return ((int*)(&pthread_create))[argc];
#else
  (void)argc;
  return 0;
#endif
}

Determining if the function pthread_create exists in the pthreads failed with the following output:
Change Dir: /home/iki/catkin_ws/src/thesis/code/pcl_qt/build/CMakeFiles/CMakeTmp

Run Build Command:"/usr/bin/make" "cmTC_86919/fast"
/usr/bin/make -f CMakeFiles/cmTC_86919.dir/build.make CMakeFiles/cmTC_86919.dir/build
make[1]: Entering directory '/home/iki/catkin_ws/src/thesis/code/pcl_qt/build/CMakeFiles/CMakeTmp'
Building C object CMakeFiles/cmTC_86919.dir/CheckFunctionExists.c.o
/usr/bin/cc    -DCHECK_FUNCTION_EXISTS=pthread_create   -o CMakeFiles/cmTC_86919.dir/CheckFunctionExists.c.o   -c /usr/share/cmake-3.5/Modules/CheckFunctionExists.c
Linking C executable cmTC_86919
/usr/bin/cmake -E cmake_link_script CMakeFiles/cmTC_86919.dir/link.txt --verbose=1
/usr/bin/cc   -DCHECK_FUNCTION_EXISTS=pthread_create    CMakeFiles/cmTC_86919.dir/CheckFunctionExists.c.o  -o cmTC_86919 -rdynamic -lpthreads 
/usr/bin/ld: cannot find -lpthreads
collect2: error: ld returned 1 exit status
CMakeFiles/cmTC_86919.dir/build.make:97: recipe for target 'cmTC_86919' failed
make[1]: *** [cmTC_86919] Error 1
make[1]: Leaving directory '/home/iki/catkin_ws/src/thesis/code/pcl_qt/build/CMakeFiles/CMakeTmp'
Makefile:126: recipe for target 'cmTC_86919/fast' failed
make: *** [cmTC_86919/fast] Error 2


