Determining if the pthread_create exist failed with the following output:
Change Dir: /home/iki/catkin_ws/src/thesis/code/pcl/ply2pcd/CMakeFiles/CMakeTmp

Run Build Command:"/usr/bin/make" "cmTC_bccbe/fast"
/usr/bin/make -f CMakeFiles/cmTC_bccbe.dir/build.make CMakeFiles/cmTC_bccbe.dir/build
make[1]: Entering directory '/home/iki/catkin_ws/src/thesis/code/pcl/ply2pcd/CMakeFiles/CMakeTmp'
Building C object CMakeFiles/cmTC_bccbe.dir/CheckSymbolExists.c.o
/usr/bin/cc     -o CMakeFiles/cmTC_bccbe.dir/CheckSymbolExists.c.o   -c /home/iki/catkin_ws/src/thesis/code/pcl/ply2pcd/CMakeFiles/CMakeTmp/CheckSymbolExists.c
Linking C executable cmTC_bccbe
/usr/bin/cmake -E cmake_link_script CMakeFiles/cmTC_bccbe.dir/link.txt --verbose=1
/usr/bin/cc       CMakeFiles/cmTC_bccbe.dir/CheckSymbolExists.c.o  -o cmTC_bccbe -rdynamic 
CMakeFiles/cmTC_bccbe.dir/CheckSymbolExists.c.o: In function `main':
CheckSymbolExists.c:(.text+0x16): undefined reference to `pthread_create'
collect2: error: ld returned 1 exit status
CMakeFiles/cmTC_bccbe.dir/build.make:97: recipe for target 'cmTC_bccbe' failed
make[1]: *** [cmTC_bccbe] Error 1
make[1]: Leaving directory '/home/iki/catkin_ws/src/thesis/code/pcl/ply2pcd/CMakeFiles/CMakeTmp'
Makefile:126: recipe for target 'cmTC_bccbe/fast' failed
make: *** [cmTC_bccbe/fast] Error 2

File /home/iki/catkin_ws/src/thesis/code/pcl/ply2pcd/CMakeFiles/CMakeTmp/CheckSymbolExists.c:
/* */
#include <pthread.h>

int main(int argc, char** argv)
{
  (void)argv;
#ifndef pthread_create
  return ((int*)(&pthread_create))[argc];
#else
  (void)argc;
  return 0;
#endif
}

Determining if the function pthread_create exists in the pthreads failed with the following output:
Change Dir: /home/iki/catkin_ws/src/thesis/code/pcl/ply2pcd/CMakeFiles/CMakeTmp

Run Build Command:"/usr/bin/make" "cmTC_df233/fast"
/usr/bin/make -f CMakeFiles/cmTC_df233.dir/build.make CMakeFiles/cmTC_df233.dir/build
make[1]: Entering directory '/home/iki/catkin_ws/src/thesis/code/pcl/ply2pcd/CMakeFiles/CMakeTmp'
Building C object CMakeFiles/cmTC_df233.dir/CheckFunctionExists.c.o
/usr/bin/cc    -DCHECK_FUNCTION_EXISTS=pthread_create   -o CMakeFiles/cmTC_df233.dir/CheckFunctionExists.c.o   -c /usr/share/cmake-3.5/Modules/CheckFunctionExists.c
Linking C executable cmTC_df233
/usr/bin/cmake -E cmake_link_script CMakeFiles/cmTC_df233.dir/link.txt --verbose=1
/usr/bin/cc   -DCHECK_FUNCTION_EXISTS=pthread_create    CMakeFiles/cmTC_df233.dir/CheckFunctionExists.c.o  -o cmTC_df233 -rdynamic -lpthreads 
/usr/bin/ld: cannot find -lpthreads
collect2: error: ld returned 1 exit status
CMakeFiles/cmTC_df233.dir/build.make:97: recipe for target 'cmTC_df233' failed
make[1]: *** [cmTC_df233] Error 1
make[1]: Leaving directory '/home/iki/catkin_ws/src/thesis/code/pcl/ply2pcd/CMakeFiles/CMakeTmp'
Makefile:126: recipe for target 'cmTC_df233/fast' failed
make: *** [cmTC_df233/fast] Error 2


